[debug] [2024-11-07T18:18:03.092Z] ----------------------------------------------------------------------
[debug] [2024-11-07T18:18:03.097Z] Command:       C:\Program Files\nodejs\node.exe C:\Users\DELL\AppData\Roaming\npm\node_modules\firebase-tools\lib\bin\firebase.js deploy
[debug] [2024-11-07T18:18:03.097Z] CLI Version:   13.24.1
[debug] [2024-11-07T18:18:03.098Z] Platform:      win32
[debug] [2024-11-07T18:18:03.098Z] Node Version:  v22.11.0
[debug] [2024-11-07T18:18:03.098Z] Time:          Thu Nov 07 2024 10:18:03 GMT-0800 (Pacific Standard Time)
[debug] [2024-11-07T18:18:03.099Z] ----------------------------------------------------------------------
[debug] 
[debug] [2024-11-07T18:18:03.290Z] > command requires scopes: ["email","openid","https://www.googleapis.com/auth/cloudplatformprojects.readonly","https://www.googleapis.com/auth/firebase","https://www.googleapis.com/auth/cloud-platform"]
[debug] [2024-11-07T18:18:03.292Z] > authorizing via signed-in user (saqibijaz488@gmail.com)
[debug] [2024-11-07T18:18:03.292Z] [iam] checking project orbizone-63453 for permissions ["firebase.projects.get","firebasehosting.sites.update"]
[debug] [2024-11-07T18:18:03.295Z] Checked if tokens are valid: true, expires at: 1731005567257
[debug] [2024-11-07T18:18:03.296Z] Checked if tokens are valid: true, expires at: 1731005567257
[debug] [2024-11-07T18:18:03.298Z] >>> [apiv2][query] POST https://cloudresourcemanager.googleapis.com/v1/projects/orbizone-63453:testIamPermissions [none]
[debug] [2024-11-07T18:18:03.298Z] >>> [apiv2][(partial)header] POST https://cloudresourcemanager.googleapis.com/v1/projects/orbizone-63453:testIamPermissions x-goog-quota-user=projects/orbizone-63453
[debug] [2024-11-07T18:18:03.298Z] >>> [apiv2][body] POST https://cloudresourcemanager.googleapis.com/v1/projects/orbizone-63453:testIamPermissions {"permissions":["firebase.projects.get","firebasehosting.sites.update"]}
[debug] [2024-11-07T18:18:05.162Z] <<< [apiv2][status] POST https://cloudresourcemanager.googleapis.com/v1/projects/orbizone-63453:testIamPermissions 200
[debug] [2024-11-07T18:18:05.162Z] <<< [apiv2][body] POST https://cloudresourcemanager.googleapis.com/v1/projects/orbizone-63453:testIamPermissions {"permissions":["firebase.projects.get","firebasehosting.sites.update"]}
[debug] [2024-11-07T18:18:05.163Z] Checked if tokens are valid: true, expires at: 1731005567257
[debug] [2024-11-07T18:18:05.163Z] Checked if tokens are valid: true, expires at: 1731005567257
[debug] [2024-11-07T18:18:05.164Z] >>> [apiv2][query] GET https://firebase.googleapis.com/v1beta1/projects/orbizone-63453 [none]
[debug] [2024-11-07T18:18:05.850Z] <<< [apiv2][status] GET https://firebase.googleapis.com/v1beta1/projects/orbizone-63453 200
[debug] [2024-11-07T18:18:05.850Z] <<< [apiv2][body] GET https://firebase.googleapis.com/v1beta1/projects/orbizone-63453 {"projectId":"orbizone-63453","projectNumber":"923975813832","displayName":"Orbizone","name":"projects/orbizone-63453","resources":{"hostingSite":"orbizone-63453"},"state":"ACTIVE","etag":"1_887e62a2-d210-4f66-8e1b-168722dac198"}
[debug] [2024-11-07T18:18:13.047Z] Checked if tokens are valid: true, expires at: 1731005567257
[debug] [2024-11-07T18:18:13.047Z] Checked if tokens are valid: true, expires at: 1731005567257
[debug] [2024-11-07T18:18:13.047Z] >>> [apiv2][query] GET https://firebasehosting.googleapis.com/v1beta1/projects/orbizone-63453/sites pageToken=&pageSize=10
[debug] [2024-11-07T18:18:14.911Z] <<< [apiv2][status] GET https://firebasehosting.googleapis.com/v1beta1/projects/orbizone-63453/sites 200
[debug] [2024-11-07T18:18:14.911Z] <<< [apiv2][body] GET https://firebasehosting.googleapis.com/v1beta1/projects/orbizone-63453/sites {"sites":[{"name":"projects/orbizone-63453/sites/orbizone-63453","defaultUrl":"https://orbizone-63453.web.app","appId":"1:923975813832:web:f9bf0097c6e9ce224cf3fd","type":"DEFAULT_SITE"},{"name":"projects/orbizone-63453/sites/orbizone-63453-8b79f","defaultUrl":"https://orbizone-63453-8b79f.web.app","appId":"1:923975813832:web:e0d94dd99102979b4cf3fd","type":"USER_SITE"}]}
[debug] [2024-11-07T18:18:14.912Z] Checked if tokens are valid: true, expires at: 1731005567257
[debug] [2024-11-07T18:18:14.912Z] Checked if tokens are valid: true, expires at: 1731005567257
[debug] [2024-11-07T18:18:14.912Z] >>> [apiv2][query] GET https://firebase.googleapis.com/v1beta1/projects/-/webApps/1:923975813832:web:f9bf0097c6e9ce224cf3fd/config [none]
[debug] [2024-11-07T18:18:15.912Z] <<< [apiv2][status] GET https://firebase.googleapis.com/v1beta1/projects/-/webApps/1:923975813832:web:f9bf0097c6e9ce224cf3fd/config 200
[debug] [2024-11-07T18:18:15.912Z] <<< [apiv2][body] GET https://firebase.googleapis.com/v1beta1/projects/-/webApps/1:923975813832:web:f9bf0097c6e9ce224cf3fd/config {"projectId":"orbizone-63453","appId":"1:923975813832:web:f9bf0097c6e9ce224cf3fd","storageBucket":"orbizone-63453.firebasestorage.app","apiKey":"AIzaSyC5oRm7O59Po0dYaLLitbuK3Lqgzpq74gI","authDomain":"orbizone-63453.firebaseapp.com","messagingSenderId":"923975813832","measurementId":"G-9HH7TB7VTV"}
[info] 
   Thank you for trying our early preview of Next.js support on Firebase Hosting.
   During the preview, support is best-effort and breaking changes can be expected. Proceed with caution.

   Documentation: https://firebase.google.com/docs/hosting/frameworks/nextjs
   File a bug: https://github.com/firebase/firebase-tools/issues/new?template=bug_report.md
   Submit a feature request: https://github.com/firebase/firebase-tools/issues/new?template=feature_request.md

   We'd love to learn from you. Express your interest in helping us shape the future of Firebase Hosting: https://goo.gle/41enW5X

[debug] [2024-11-07T18:18:34.218Z] Checked if tokens are valid: true, expires at: 1731005567257
[debug] [2024-11-07T18:18:34.218Z] Checked if tokens are valid: true, expires at: 1731005567257
[debug] [2024-11-07T18:18:34.219Z] >>> [apiv2][query] GET https://firebasehosting.googleapis.com/v1beta1/projects/orbizone-63453/sites/orbizone-63453 [none]
[debug] [2024-11-07T18:18:35.878Z] <<< [apiv2][status] GET https://firebasehosting.googleapis.com/v1beta1/projects/orbizone-63453/sites/orbizone-63453 200
[debug] [2024-11-07T18:18:35.878Z] <<< [apiv2][body] GET https://firebasehosting.googleapis.com/v1beta1/projects/orbizone-63453/sites/orbizone-63453 {"name":"projects/orbizone-63453/sites/orbizone-63453","defaultUrl":"https://orbizone-63453.web.app","appId":"1:923975813832:web:f9bf0097c6e9ce224cf3fd","type":"DEFAULT_SITE"}
[info]    ▲ Next.js 15.0.2

[info] 

